Determining if the pthread_create exist failed with the following output:
Change Dir: /home/ubuntu/arvi_34/elf/arvi_elf/build/CMakeFiles/CMakeTmp

Run Build Command:"/usr/bin/make" "cmTC_eb28c/fast"
make[1]: Entering directory '/home/ubuntu/arvi_34/elf/arvi_elf/build/CMakeFiles/CMakeTmp'
/usr/bin/make -f CMakeFiles/cmTC_eb28c.dir/build.make CMakeFiles/cmTC_eb28c.dir/build
make[2]: Entering directory '/home/ubuntu/arvi_34/elf/arvi_elf/build/CMakeFiles/CMakeTmp'
Building C object CMakeFiles/cmTC_eb28c.dir/CheckSymbolExists.c.o
/usr/bin/cc    -o CMakeFiles/cmTC_eb28c.dir/CheckSymbolExists.c.o   -c /home/ubuntu/arvi_34/elf/arvi_elf/build/CMakeFiles/CMakeTmp/CheckSymbolExists.c
Linking C executable cmTC_eb28c
/usr/local/bin/cmake -E cmake_link_script CMakeFiles/cmTC_eb28c.dir/link.txt --verbose=1
/usr/bin/cc      -rdynamic CMakeFiles/cmTC_eb28c.dir/CheckSymbolExists.c.o  -o cmTC_eb28c 
CMakeFiles/cmTC_eb28c.dir/CheckSymbolExists.c.o: In function `main':
CheckSymbolExists.c:(.text+0x16): undefined reference to `pthread_create'
collect2: error: ld returned 1 exit status
CMakeFiles/cmTC_eb28c.dir/build.make:86: recipe for target 'cmTC_eb28c' failed
make[2]: *** [cmTC_eb28c] Error 1
make[2]: Leaving directory '/home/ubuntu/arvi_34/elf/arvi_elf/build/CMakeFiles/CMakeTmp'
Makefile:121: recipe for target 'cmTC_eb28c/fast' failed
make[1]: *** [cmTC_eb28c/fast] Error 2
make[1]: Leaving directory '/home/ubuntu/arvi_34/elf/arvi_elf/build/CMakeFiles/CMakeTmp'

File /home/ubuntu/arvi_34/elf/arvi_elf/build/CMakeFiles/CMakeTmp/CheckSymbolExists.c:
/* */
#include <pthread.h>

int main(int argc, char** argv)
{
  (void)argv;
#ifndef pthread_create
  return ((int*)(&pthread_create))[argc];
#else
  (void)argc;
  return 0;
#endif
}

Determining if the function pthread_create exists in the pthreads failed with the following output:
Change Dir: /home/ubuntu/arvi_34/elf/arvi_elf/build/CMakeFiles/CMakeTmp

Run Build Command:"/usr/bin/make" "cmTC_22915/fast"
make[1]: Entering directory '/home/ubuntu/arvi_34/elf/arvi_elf/build/CMakeFiles/CMakeTmp'
/usr/bin/make -f CMakeFiles/cmTC_22915.dir/build.make CMakeFiles/cmTC_22915.dir/build
make[2]: Entering directory '/home/ubuntu/arvi_34/elf/arvi_elf/build/CMakeFiles/CMakeTmp'
Building C object CMakeFiles/cmTC_22915.dir/CheckFunctionExists.c.o
/usr/bin/cc   -DCHECK_FUNCTION_EXISTS=pthread_create   -o CMakeFiles/cmTC_22915.dir/CheckFunctionExists.c.o   -c /usr/local/share/cmake-3.13/Modules/CheckFunctionExists.c
Linking C executable cmTC_22915
/usr/local/bin/cmake -E cmake_link_script CMakeFiles/cmTC_22915.dir/link.txt --verbose=1
/usr/bin/cc  -DCHECK_FUNCTION_EXISTS=pthread_create    -rdynamic CMakeFiles/cmTC_22915.dir/CheckFunctionExists.c.o  -o cmTC_22915 -lpthreads 
/usr/bin/ld: cannot find -lpthreads
collect2: error: ld returned 1 exit status
CMakeFiles/cmTC_22915.dir/build.make:86: recipe for target 'cmTC_22915' failed
make[2]: *** [cmTC_22915] Error 1
make[2]: Leaving directory '/home/ubuntu/arvi_34/elf/arvi_elf/build/CMakeFiles/CMakeTmp'
Makefile:121: recipe for target 'cmTC_22915/fast' failed
make[1]: *** [cmTC_22915/fast] Error 2
make[1]: Leaving directory '/home/ubuntu/arvi_34/elf/arvi_elf/build/CMakeFiles/CMakeTmp'


